<?xml version="1.0" encoding="UTF-8"?>
<!-- Generated by org.testng.reporters.JUnitReportReporter -->
<testsuite hostname="vicky" failures="0" tests="5" name="com.orangeHRM.testcases.TestCases" time="195.344" errors="0" timestamp="2023-01-01T21:39:52 IST" skipped="0">
  <testcase classname="com.orangeHRM.testcases.TestCases" name="LoginTest" time="46.045"/>
  <system-out/>
  <testcase classname="com.orangeHRM.testcases.TestCases" name="LoginTest" time="24.447"/>
  <system-out/>
  <testcase classname="com.orangeHRM.testcases.TestCases" name="addEmployee_test" time="36.850"/>
  <system-out/>
  <testcase classname="com.orangeHRM.testcases.TestCases" name="editEmployee_test" time="37.773"/>
  <system-out/>
  <testcase classname="com.orangeHRM.testcases.TestCases" name="deleteEmployee_test" time="50.229"/>
  <system-out/>
</testsuite> <!-- com.orangeHRM.testcases.TestCases -->
